                Module libX11.so.6 without build-id.
                Module libgraphene-1.0.so.0 without build-id.
                Stack trace of thread 3165:
                #0  0x00007f6f0a89caac __pthread_kill_implementation (libc.so.6 + 0x9caac)
                #1  0x00007f6f0a84190e raise (libc.so.6 + 0x4190e)
                #2  0x0000559fee05b0e6 dump_gjs_stack_on_signal_handler (/nix/store/m24xyvj7ibcgcpqyhhdf4i5skmq0nqdd-gnome-shell-49.2/bin/.gnome-shell-wrapped + 0x40e6)
                #3  0x00007f6f0a8419c0 __restore_rt (libc.so.6 + 0x419c0)
                #4  0x00007f6f0a89caac __pthread_kill_implementation (libc.so.6 + 0x9caac)
                #5  0x00007f6f0a84190e raise (libc.so.6 + 0x4190e)
                #6  0x00007f6f0a828942 abort (libc.so.6 + 0x28942)
                #7  0x00007f6f0b4c3102 g_assertion_message.cold (libglib-2.0.so.0 + 0x24102)
                #8  0x00007f6f0b5353b3 g_assertion_message_expr (libglib-2.0.so.0 + 0x963b3)
                #9  0x00007f6f0b89a755 shell_app_dispose (libshell-17.so + 0x29a755)
                #10 0x00007f6f0ba48b07 g_object_unref (libgobject-2.0.so.0 + 0x1eb07)
                #11 0x00007f6f0b4ee542 g_hash_table_foreach_remove_or_steal (libglib-2.0.so.0 + 0x4f542)
                #12 0x00007f6f0b89b893 installed_changed (libshell-17.so + 0x29b893)
                #13 0x00007f6f0ba42731 _g_closure_invoke_va (libgobject-2.0.so.0 + 0x18731)
                #14 0x00007f6f0ba59af2 signal_emit_valist_unlocked (libgobject-2.0.so.0 + 0x2faf2)
                #15 0x00007f6f0ba5f7ed g_signal_emit_valist (libgobject-2.0.so.0 + 0x357ed)
                #16 0x00007f6f0ba5f8bf g_signal_emit (libgobject-2.0.so.0 + 0x358bf)
                #17 0x00007f6f0b8b1f65 apply_update_cb (libshell-17.so + 0x2b1f65)
                #18 0x00007f6f0b2c9dcc g_task_return_now (libgio-2.0.so.0 + 0xc9dcc)
                #19 0x00007f6f0b2c9e01 complete_in_idle_cb (libgio-2.0.so.0 + 0xc9e01)
                #20 0x00007f6f0b4ff989 g_idle_dispatch (libglib-2.0.so.0 + 0x60989)
                #21 0x00007f6f0b501a2d g_main_context_dispatch_unlocked (libglib-2.0.so.0 + 0x62a2d)
                #22 0x00007f6f0b504eb8 g_main_context_iterate_unlocked.isra.0 (libglib-2.0.so.0 + 0x65eb8)
                #23 0x00007f6f0b5059a7 g_main_loop_run (libglib-2.0.so.0 + 0x669a7)
                #24 0x00007f6f0ad3594b meta_context_run_main_loop (libmutter-17.so.0 + 0x13594b)
                #25 0x00007f6f0aa1d052 ffi_call_unix64 (libffi.so.8 + 0xa052)
                #26 0x00007f6f0aa1b60d ffi_call_int (libffi.so.8 + 0x860d)
                #27 0x00007f6f0aa1c5ae ffi_call (libffi.so.8 + 0x95ae)
                #28 0x00007f6f0b113b06 _ZN3Gjs8Function6invokeEP9JSContextRKN2JS8CallArgsENS3_6HandleIP8JSObjectEEP11_GIArgument.localalias (libgjs.so.0 + 0xcdb06)
                #29 0x00007f6f0b114797 _ZN3Gjs8Function4callEP9JSContextjPN2JS5ValueE (libgjs.so.0 + 0xce797)
                #30 0x00007f6f0898093f _ZN2js23InternalCallOrConstructEP9JSContextRKN2JS8CallArgsENS_14MaybeConstructENS_10CallReasonE (libmozjs-140.so + 0x18093f)
                #31 0x00007f6f08972522 _ZN2js9InterpretEP9JSContextRNS_8RunStateE (libmozjs-140.so + 0x172522)
                #32 0x00007f6f089805e3 _ZN2js9RunScriptEP9JSContextRNS_8RunStateE (libmozjs-140.so + 0x1805e3)
                #33 0x00007f6f08980c10 _ZN2js23InternalCallOrConstructEP9JSContextRKN2JS8CallArgsENS_14MaybeConstructENS_10CallReasonE (libmozjs-140.so + 0x180c10)
                #34 0x00007f6f08980f29 _ZN2js4CallEP9JSContextN2JS6HandleINS2_5ValueEEES5_RKNS_13AnyInvokeArgsENS2_13MutableHandleIS4_EENS_10CallReasonE (libmozjs-140.so + 0x180f29)
                #35 0x00007f6f08a38521 _ZN2JS4CallEP9JSContextNS_6HandleINS_5ValueEEES4_RKNS_16HandleValueArrayENS_13MutableHandleIS3_EE (libmozjs-140.so + 0x238521)
                #36 0x00007f6f0b16a3a2 _ZN17GjsContextPrivate18run_main_loop_hookEv.localalias (libgjs.so.0 + 0x1243a2)
                #37 0x00007f6f0b16d9df _ZN17GjsContextPrivate11eval_moduleEPKcPh.localalias (libgjs.so.0 + 0x1279df)
                #38 0x00007f6f0b16db79 gjs_context_eval_module (libgjs.so.0 + 0x127b79)
                #39 0x00007f6f0b16dc89 gjs_context_eval_module_file (libgjs.so.0 + 0x127c89)
                #40 0x0000559fee05a9ce main (/nix/store/m24xyvj7ibcgcpqyhhdf4i5skmq0nqdd-gnome-shell-49.2/bin/.gnome-shell-wrapped + 0x39ce)
                #41 0x00007f6f0a82a4d8 __libc_start_call_main (libc.so.6 + 0x2a4d8)
                #42 0x00007f6f0a82a59b __libc_start_main@@GLIBC_2.34 (libc.so.6 + 0x2a59b)
                #43 0x0000559fee05ace5 _start (/nix/store/m24xyvj7ibcgcpqyhhdf4i5skmq0nqdd-gnome-shell-49.2/bin/.gnome-shell-wrapped + 0x3ce5)
                
                Stack trace of thread 3170:
                #0  0x00007f6f0a914a10 ppoll (libc.so.6 + 0x114a10)
                #1  0x00007f6f0b504fa8 g_main_context_iterate_unlocked.isra.0 (libglib-2.0.so.0 + 0x65fa8)
                #2  0x00007f6f0b5059a7 g_main_loop_run (libglib-2.0.so.0 + 0x669a7)
                #3  0x00007f6f0b34180e gdbus_shared_thread_func (libgio-2.0.so.0 + 0x14180e)
